<?xml version="1.0" encoding="UTF-8"?>
<!-- Generated by org.testng.reporters.JUnitXMLReporter -->
<testsuite ignored="2" hostname="DESKTOP-4JKAPDL" failures="0" tests="1" name="Default test" time="39.356" errors="0" timestamp="2023-01-24T12:01:03 IST">
  <testcase classname="hybridApps2.hybridApp_02" name="Search" time="39.173"/>
  <testcase classname="hybridApps2.hybridApp_02" name="signIn_joinClass_SignOut" time="0.0">
    <ignored/>
  </testcase> <!-- signIn_joinClass_SignOut -->
  <testcase classname="hybridApps2.hybridApp_02" name="KhanAcademyKids" time="0.0">
    <ignored/>
  </testcase> <!-- KhanAcademyKids -->
</testsuite> <!-- Default test -->
