<?xml version="1.0" encoding="UTF-8"?>
<testng-results ignored="2" total="3" passed="1" failed="0" skipped="0">
  <reporter-output>
  </reporter-output>
  <suite started-at="2023-01-24T12:00:23 IST" name="Default suite" finished-at="2023-01-24T12:01:02 IST" duration-ms="39356">
    <groups>
    </groups>
    <test started-at="2023-01-24T12:00:23 IST" name="Default test" finished-at="2023-01-24T12:01:02 IST" duration-ms="39356">
      <class name="hybridApps2.hybridApp_02">
        <test-method signature="Search()[pri:0, instance:hybridApps2.hybridApp_02@368f2016]" started-at="2023-01-24T12:00:23 IST" name="Search" finished-at="2023-01-24T12:01:02 IST" duration-ms="39173" status="PASS">
          <reporter-output>
          </reporter-output>
        </test-method> <!-- Search -->
      </class> <!-- hybridApps2.hybridApp_02 -->
    </test> <!-- Default test -->
  </suite> <!-- Default suite -->
</testng-results>
